<?xml version="1.0" encoding="UTF-8"?>
<!-- Generated by org.testng.reporters.JUnitXMLReporter -->
<testsuite hostname="RahulKaelsMini2" ignored="0" name="Default test" tests="4" failures="0" timestamp="01 Feb 2019 11:23:55 GMT" time="71.633" errors="0">
  <testcase name="verifyHomePageTitle" time="0.263" classname="com.torenzosite.qa.testcases.HomePageTest"/>
  <testcase name="verifyEmailAddreeField" time="2.586" classname="com.torenzosite.qa.testcases.HomePageTest"/>
  <testcase name="verifyWithEmptyEmailAddreeField" time="18.509" classname="com.torenzosite.qa.testcases.HomePageTest"/>
  <testcase name="verifyWithInvalidEmailAddreeField" time="18.367" classname="com.torenzosite.qa.testcases.HomePageTest"/>
</testsuite> <!-- Default test -->
