<?xml version="1.0" encoding="UTF-8"?>
<!-- Generated by org.testng.reporters.JUnitXMLReporter -->
<testsuite hostname="DESKTOP-A3DICO7" ignored="1" name="Default test(failed)" tests="1" failures="0" timestamp="08 Dec 2018 05:51:18 GMT" time="44.947" errors="0">
  <testcase name="verifyLeaveUsPageTitle" time="15.79" classname="com.torenzosite.qa.testcases.LeaveUsPageTest"/>
  <testcase name="verifyHomePageTitle" time="0.0" classname="com.torenzosite.qa.testcases.LeaveUsPageTest">
    <ignored/>
  </testcase> <!-- verifyHomePageTitle -->
</testsuite> <!-- Default test(failed) -->
