<?xml version="1.0" encoding="UTF-8"?>
<!-- Generated by org.testng.reporters.JUnitXMLReporter -->
<testsuite hostname="DESKTOP-A3DICO7" ignored="7" name="TorenzoTest(failed)" tests="1" failures="0" timestamp="15 Dec 2018 06:47:07 GMT" time="61.495" errors="0">
  <testcase name="findBrokenLinkOnTorenzoMainPage" time="24.154" classname="com.torenzosite.qa.testcases.BrokenImageAndLinks"/>
  <testcase name="fillFormWithEmptyData" time="0.0" classname="com.torenzosite.qa.testcases.FeaturePageTest">
    <ignored/>
  </testcase> <!-- fillFormWithEmptyData -->
  <testcase name="verifyHomePageTitle" time="0.0" classname="com.torenzosite.qa.testcases.LeaveUsPageTest">
    <ignored/>
  </testcase> <!-- verifyHomePageTitle -->
  <testcase name="verifyHomePageTitle" time="0.0" classname="com.torenzosite.qa.testcases.FeaturePageTest">
    <ignored/>
  </testcase> <!-- verifyHomePageTitle -->
  <testcase name="closeToForm" time="0.0" classname="com.torenzosite.qa.testcases.FeaturePageTest">
    <ignored/>
  </testcase> <!-- closeToForm -->
  <testcase name="verifyFeaturesPageTitle" time="0.0" classname="com.torenzosite.qa.testcases.FeaturePageTest">
    <ignored/>
  </testcase> <!-- verifyFeaturesPageTitle -->
  <testcase name="verifyHomePageTitle" time="0.0" classname="com.torenzosite.qa.testcases.TryTorenzoForFreePageTest">
    <ignored/>
  </testcase> <!-- verifyHomePageTitle -->
  <testcase name="verifyTryTorenzoForFree" time="0.0" classname="com.torenzosite.qa.testcases.FeaturePageTest">
    <ignored/>
  </testcase> <!-- verifyTryTorenzoForFree -->
</testsuite> <!-- TorenzoTest(failed) -->
