<?xml version="1.0" encoding="UTF-8"?>
<!-- Generated by org.testng.reporters.JUnitXMLReporter -->
<testsuite hostname="DESKTOP-A3DICO7" ignored="0" name="TorenzoTest" tests="6" failures="0" timestamp="03 Dec 2018 06:51:50 GMT" time="93.365" errors="0">
  <testcase name="findBrokenLinkOnTorenzoMainPage" time="18.004" classname="com.torenzosite.qa.testcases.BrokenImageAndLinks"/>
  <testcase name="verifyHomePageTitle" time="0.709" classname="com.torenzosite.qa.testcases.HomePageTest"/>
  <testcase name="verifyHomePageTitle" time="0.681" classname="com.torenzosite.qa.testcases.TorenzoPOSPageTest"/>
  <testcase name="verifyHomePageTitle" time="0.786" classname="com.torenzosite.qa.testcases.FeaturePageTest"/>
  <testcase name="verifyHomePageTitle" time="0.66" classname="com.torenzosite.qa.testcases.HardwarePageTest"/>
  <testcase name="verifyHomePageTitle" time="0.584" classname="com.torenzosite.qa.testcases.PricingPageTest"/>
</testsuite> <!-- TorenzoTest -->
