<?xml version="1.0" encoding="UTF-8"?>
<testng-results skipped="0" failed="0" ignored="0" total="4" passed="4">
  <reporter-output>
    <line>
      <![CDATA[Before executing suite at the begin Default suite]]>
    </line>
    <line>
      <![CDATA[Before executing test method once onlyDefault test]]>
    </line>
    <line>
      <![CDATA[About to begin executing following method : HomePageTest.setUp]]>
    </line>
    <line>
      <![CDATA[Completed executing following method : HomePageTest.setUp]]>
    </line>
    <line>
      <![CDATA[About to begin executing following method : HomePageTest.verifyHomePageTitle]]>
    </line>
    <line>
      <![CDATA[Completed executing following method : HomePageTest.verifyHomePageTitle]]>
    </line>
    <line>
      <![CDATA[About to begin executing following method : HomePageTest.tearDown]]>
    </line>
    <line>
      <![CDATA[Completed executing following method : HomePageTest.tearDown]]>
    </line>
    <line>
      <![CDATA[About to begin executing following method : HomePageTest.setUp]]>
    </line>
    <line>
      <![CDATA[Completed executing following method : HomePageTest.setUp]]>
    </line>
    <line>
      <![CDATA[About to begin executing following method : HomePageTest.verifyEmailAddreeField]]>
    </line>
    <line>
      <![CDATA[Completed executing following method : HomePageTest.verifyEmailAddreeField]]>
    </line>
    <line>
      <![CDATA[About to begin executing following method : HomePageTest.tearDown]]>
    </line>
    <line>
      <![CDATA[Completed executing following method : HomePageTest.tearDown]]>
    </line>
    <line>
      <![CDATA[About to begin executing following method : HomePageTest.setUp]]>
    </line>
    <line>
      <![CDATA[Completed executing following method : HomePageTest.setUp]]>
    </line>
    <line>
      <![CDATA[About to begin executing following method : HomePageTest.verifyWithEmptyEmailAddreeField]]>
    </line>
    <line>
      <![CDATA[Completed executing following method : HomePageTest.verifyWithEmptyEmailAddreeField]]>
    </line>
    <line>
      <![CDATA[About to begin executing following method : HomePageTest.tearDown]]>
    </line>
    <line>
      <![CDATA[Completed executing following method : HomePageTest.tearDown]]>
    </line>
    <line>
      <![CDATA[About to begin executing following method : HomePageTest.setUp]]>
    </line>
    <line>
      <![CDATA[Completed executing following method : HomePageTest.setUp]]>
    </line>
    <line>
      <![CDATA[About to begin executing following method : HomePageTest.verifyWithInvalidEmailAddreeField]]>
    </line>
    <line>
      <![CDATA[Completed executing following method : HomePageTest.verifyWithInvalidEmailAddreeField]]>
    </line>
    <line>
      <![CDATA[About to begin executing following method : HomePageTest.tearDown]]>
    </line>
    <line>
      <![CDATA[Completed executing following method : HomePageTest.tearDown]]>
    </line>
  </reporter-output>
  <suite name="Default suite" duration-ms="71633" started-at="2019-02-01T11:22:43Z" finished-at="2019-02-01T11:23:54Z">
    <groups>
    </groups>
    <test name="Default test" duration-ms="71633" started-at="2019-02-01T11:22:43Z" finished-at="2019-02-01T11:23:54Z">
      <class name="com.torenzosite.qa.testcases.HomePageTest">
        <test-method status="PASS" signature="setUp()[pri:0, instance:com.torenzosite.qa.testcases.HomePageTest@6e2c9341]" name="setUp" is-config="true" duration-ms="12995" started-at="2019-02-01T11:22:43Z" finished-at="2019-02-01T11:22:56Z">
          <reporter-output>
            <line>
              <![CDATA[Completed executing following method : HomePageTest.setUp]]>
            </line>
          </reporter-output>
        </test-method> <!-- setUp -->
        <test-method status="PASS" signature="verifyHomePageTitle()[pri:1, instance:com.torenzosite.qa.testcases.HomePageTest@6e2c9341]" name="verifyHomePageTitle" duration-ms="263" started-at="2019-02-01T11:22:56Z" description=" verify Home Page Title" finished-at="2019-02-01T11:22:56Z">
          <reporter-output>
            <line>
              <![CDATA[About to begin executing following method : HomePageTest.verifyHomePageTitle]]>
            </line>
            <line>
              <![CDATA[Completed executing following method : HomePageTest.verifyHomePageTitle]]>
            </line>
            <line>
              <![CDATA[About to begin executing following method : HomePageTest.tearDown]]>
            </line>
          </reporter-output>
        </test-method> <!-- verifyHomePageTitle -->
        <test-method status="PASS" signature="tearDown()[pri:0, instance:com.torenzosite.qa.testcases.HomePageTest@6e2c9341]" name="tearDown" is-config="true" duration-ms="506" started-at="2019-02-01T11:22:56Z" finished-at="2019-02-01T11:22:57Z">
          <reporter-output>
            <line>
              <![CDATA[Completed executing following method : HomePageTest.tearDown]]>
            </line>
          </reporter-output>
        </test-method> <!-- tearDown -->
        <test-method status="PASS" signature="setUp()[pri:0, instance:com.torenzosite.qa.testcases.HomePageTest@6e2c9341]" name="setUp" is-config="true" duration-ms="8170" started-at="2019-02-01T11:22:57Z" finished-at="2019-02-01T11:23:05Z">
          <reporter-output>
            <line>
              <![CDATA[Completed executing following method : HomePageTest.setUp]]>
            </line>
          </reporter-output>
        </test-method> <!-- setUp -->
        <test-method status="PASS" signature="verifyEmailAddreeField()[pri:2, instance:com.torenzosite.qa.testcases.HomePageTest@6e2c9341]" name="verifyEmailAddreeField" duration-ms="2586" started-at="2019-02-01T11:23:05Z" description=" verify Email Addree Field" finished-at="2019-02-01T11:23:07Z">
          <reporter-output>
            <line>
              <![CDATA[About to begin executing following method : HomePageTest.verifyEmailAddreeField]]>
            </line>
            <line>
              <![CDATA[Completed executing following method : HomePageTest.verifyEmailAddreeField]]>
            </line>
            <line>
              <![CDATA[About to begin executing following method : HomePageTest.tearDown]]>
            </line>
          </reporter-output>
        </test-method> <!-- verifyEmailAddreeField -->
        <test-method status="PASS" signature="tearDown()[pri:0, instance:com.torenzosite.qa.testcases.HomePageTest@6e2c9341]" name="tearDown" is-config="true" duration-ms="220" started-at="2019-02-01T11:23:07Z" finished-at="2019-02-01T11:23:08Z">
          <reporter-output>
            <line>
              <![CDATA[Completed executing following method : HomePageTest.tearDown]]>
            </line>
          </reporter-output>
        </test-method> <!-- tearDown -->
        <test-method status="PASS" signature="setUp()[pri:0, instance:com.torenzosite.qa.testcases.HomePageTest@6e2c9341]" name="setUp" is-config="true" duration-ms="5982" started-at="2019-02-01T11:23:08Z" finished-at="2019-02-01T11:23:14Z">
          <reporter-output>
            <line>
              <![CDATA[Completed executing following method : HomePageTest.setUp]]>
            </line>
          </reporter-output>
        </test-method> <!-- setUp -->
        <test-method status="PASS" signature="verifyWithEmptyEmailAddreeField()[pri:3, instance:com.torenzosite.qa.testcases.HomePageTest@6e2c9341]" name="verifyWithEmptyEmailAddreeField" duration-ms="18509" started-at="2019-02-01T11:23:14Z" description=" verify Email Addree Field with email id" finished-at="2019-02-01T11:23:32Z">
          <reporter-output>
            <line>
              <![CDATA[About to begin executing following method : HomePageTest.verifyWithEmptyEmailAddreeField]]>
            </line>
            <line>
              <![CDATA[Completed executing following method : HomePageTest.verifyWithEmptyEmailAddreeField]]>
            </line>
            <line>
              <![CDATA[About to begin executing following method : HomePageTest.tearDown]]>
            </line>
          </reporter-output>
        </test-method> <!-- verifyWithEmptyEmailAddreeField -->
        <test-method status="PASS" signature="tearDown()[pri:0, instance:com.torenzosite.qa.testcases.HomePageTest@6e2c9341]" name="tearDown" is-config="true" duration-ms="232" started-at="2019-02-01T11:23:32Z" finished-at="2019-02-01T11:23:32Z">
          <reporter-output>
            <line>
              <![CDATA[Completed executing following method : HomePageTest.tearDown]]>
            </line>
          </reporter-output>
        </test-method> <!-- tearDown -->
        <test-method status="PASS" signature="setUp()[pri:0, instance:com.torenzosite.qa.testcases.HomePageTest@6e2c9341]" name="setUp" is-config="true" duration-ms="3490" started-at="2019-02-01T11:23:32Z" finished-at="2019-02-01T11:23:36Z">
          <reporter-output>
            <line>
              <![CDATA[Completed executing following method : HomePageTest.setUp]]>
            </line>
          </reporter-output>
        </test-method> <!-- setUp -->
        <test-method status="PASS" signature="verifyWithInvalidEmailAddreeField()[pri:4, instance:com.torenzosite.qa.testcases.HomePageTest@6e2c9341]" name="verifyWithInvalidEmailAddreeField" duration-ms="18367" started-at="2019-02-01T11:23:36Z" description=" verify Email Addree Field with inemail id" finished-at="2019-02-01T11:23:54Z">
          <reporter-output>
            <line>
              <![CDATA[About to begin executing following method : HomePageTest.verifyWithInvalidEmailAddreeField]]>
            </line>
            <line>
              <![CDATA[Completed executing following method : HomePageTest.verifyWithInvalidEmailAddreeField]]>
            </line>
            <line>
              <![CDATA[About to begin executing following method : HomePageTest.tearDown]]>
            </line>
          </reporter-output>
        </test-method> <!-- verifyWithInvalidEmailAddreeField -->
        <test-method status="PASS" signature="tearDown()[pri:0, instance:com.torenzosite.qa.testcases.HomePageTest@6e2c9341]" name="tearDown" is-config="true" duration-ms="260" started-at="2019-02-01T11:23:54Z" finished-at="2019-02-01T11:23:54Z">
          <reporter-output>
            <line>
              <![CDATA[Completed executing following method : HomePageTest.tearDown]]>
            </line>
          </reporter-output>
        </test-method> <!-- tearDown -->
      </class> <!-- com.torenzosite.qa.testcases.HomePageTest -->
    </test> <!-- Default test -->
  </suite> <!-- Default suite -->
</testng-results>
