<?xml version="1.0" encoding="UTF-8"?>
<!-- Generated by org.testng.reporters.JUnitXMLReporter -->
<testsuite hostname="RahulKaelsMini2" ignored="0" name="TorenzoTest" tests="31" failures="3" timestamp="11 Feb 2019 15:01:52 GMT" time="1292.811" errors="0">
  <testcase name="findBrokenLinkOnTorenzoMainPage" time="25.396" classname="com.torenzosite.qa.testcases.BrokenImageAndLinks"/>
  <testcase name="verifyHomePageTitle" time="0.046" classname="com.torenzosite.qa.testcases.HomePageTest"/>
  <testcase name="verifyEmailAddreeField" time="3.746" classname="com.torenzosite.qa.testcases.HomePageTest"/>
  <testcase name="verifyWithEmptyEmailAddreeField" time="21.196" classname="com.torenzosite.qa.testcases.HomePageTest"/>
  <testcase name="verifyWithInvalidEmailAddreeField" time="20.047" classname="com.torenzosite.qa.testcases.HomePageTest"/>
  <testcase name="verifyHomePageTitle" time="0.023" classname="com.torenzosite.qa.testcases.ContactUsPageTest"/>
  <testcase name="verifyContactPage" time="10.027" classname="com.torenzosite.qa.testcases.ContactUsPageTest"/>
  <testcase name="fillFormToConatctUs" time="15.076" classname="com.torenzosite.qa.testcases.ContactUsPageTest"/>
  <testcase name="fillFormToConatctUsWithEmpty" time="30.045" classname="com.torenzosite.qa.testcases.ContactUsPageTest"/>
  <testcase name="fillFormToConatctUsWithIncorrectEmail" time="27.468" classname="com.torenzosite.qa.testcases.ContactUsPageTest"/>
  <testcase name="verifyHomePageTitle" time="0.019" classname="com.torenzosite.qa.testcases.TorenzoPOSPageTest"/>
  <testcase name="verifyTextFromTorenzoPOSPage" time="3.34" classname="com.torenzosite.qa.testcases.TorenzoPOSPageTest"/>
  <testcase name="verifyHomePageTitle" time="0.015" classname="com.torenzosite.qa.testcases.FeaturePageTest"/>
  <testcase name="verifyFeaturesPageTitle" time="5.559" classname="com.torenzosite.qa.testcases.FeaturePageTest"/>
  <testcase name="verifyTryTorenzoForFree" time="14.678" classname="com.torenzosite.qa.testcases.FeaturePageTest"/>
  <testcase name="closeToForm" time="3.922" classname="com.torenzosite.qa.testcases.FeaturePageTest">
    <failure type="org.openqa.selenium.ElementNotInteractableException" message="Element &amp;lt;button class=&amp;quot;close&amp;quot; type=&amp;quot;button&amp;quot;&amp;gt; could not be scrolled into view
Build info: version: &amp;apos;3.141.59&amp;apos;, revision: &amp;apos;e82be7d358&amp;apos;, time: &amp;apos;2018-11-14T08:17:03&amp;apos;
System info: host: &amp;apos;RahulKaelsMini2&amp;apos;, ip: &amp;apos;192.168.1.32&amp;apos;, os.name: &amp;apos;Mac OS X&amp;apos;, os.arch: &amp;apos;x86_64&amp;apos;, os.version: &amp;apos;10.11.6&amp;apos;, java.version: &amp;apos;1.8.0_162&amp;apos;
Driver info: org.openqa.selenium.firefox.FirefoxDriver
Capabilities {acceptInsecureCerts: true, browserName: firefox, browserVersion: 65.0, javascriptEnabled: true, moz:accessibilityChecks: false, moz:geckodriverVersion: 0.24.0, moz:headless: false, moz:processID: 4367, moz:profile: /var/folders/kx/zbpb8zjd5rs..., moz:shutdownTimeout: 60000, moz:useNonSpecCompliantPointerOrigin: false, moz:webdriverClick: true, pageLoadStrategy: normal, platform: MAC, platformName: MAC, platformVersion: 15.6.0, rotatable: false, setWindowRect: true, strictFileInteractability: false, timeouts: {implicit: 0, pageLoad: 300000, script: 30000}, unhandledPromptBehavior: dismiss and notify}
Session ID: 0d365718-5112-cd4a-b8a6-d9f57030d485">
      <![CDATA[org.openqa.selenium.ElementNotInteractableException: Element <button class="close" type="button"> could not be scrolled into view
Build info: version: '3.141.59', revision: 'e82be7d358', time: '2018-11-14T08:17:03'
System info: host: 'RahulKaelsMini2', ip: '192.168.1.32', os.name: 'Mac OS X', os.arch: 'x86_64', os.version: '10.11.6', java.version: '1.8.0_162'
Driver info: org.openqa.selenium.firefox.FirefoxDriver
Capabilities {acceptInsecureCerts: true, browserName: firefox, browserVersion: 65.0, javascriptEnabled: true, moz:accessibilityChecks: false, moz:geckodriverVersion: 0.24.0, moz:headless: false, moz:processID: 4367, moz:profile: /var/folders/kx/zbpb8zjd5rs..., moz:shutdownTimeout: 60000, moz:useNonSpecCompliantPointerOrigin: false, moz:webdriverClick: true, pageLoadStrategy: normal, platform: MAC, platformName: MAC, platformVersion: 15.6.0, rotatable: false, setWindowRect: true, strictFileInteractability: false, timeouts: {implicit: 0, pageLoad: 300000, script: 30000}, unhandledPromptBehavior: dismiss and notify}
Session ID: 0d365718-5112-cd4a-b8a6-d9f57030d485
at org.openqa.selenium.remote.http.W3CHttpResponseCodec.createException(W3CHttpResponseCodec.java:187)
at org.openqa.selenium.remote.http.W3CHttpResponseCodec.decode(W3CHttpResponseCodec.java:122)
at org.openqa.selenium.remote.http.W3CHttpResponseCodec.decode(W3CHttpResponseCodec.java:49)
at org.openqa.selenium.remote.HttpCommandExecutor.execute(HttpCommandExecutor.java:158)
at org.openqa.selenium.remote.service.DriverCommandExecutor.execute(DriverCommandExecutor.java:83)
at org.openqa.selenium.remote.RemoteWebDriver.execute(RemoteWebDriver.java:552)
at org.openqa.selenium.remote.RemoteWebElement.execute(RemoteWebElement.java:285)
at org.openqa.selenium.remote.RemoteWebElement.click(RemoteWebElement.java:84)
at org.openqa.selenium.support.pagefactory.internal.LocatingElementHandler.invoke(LocatingElementHandler.java:51)
at com.sun.proxy.$Proxy11.click(Unknown Source)
at com.torenzosite.qa.pages.TryTorenzoForFreePage.clickOnClose(TryTorenzoForFreePage.java:135)
at com.torenzosite.qa.testcases.FeaturePageTest.closeToForm(FeaturePageTest.java:119)
... Removed 32 stack frames]]>
    </failure>
  </testcase> <!-- closeToForm -->
  <testcase name="fillFormFromFeaturePage" time="20.517" classname="com.torenzosite.qa.testcases.FeaturePageTest"/>
  <testcase name="fillFormWithEmptyData" time="37.412" classname="com.torenzosite.qa.testcases.FeaturePageTest"/>
  <testcase name="fillFormWithEmptyPhoneNumber" time="39.729" classname="com.torenzosite.qa.testcases.FeaturePageTest"/>
  <testcase name="fillFormWithEmptyEmaildId" time="39.536" classname="com.torenzosite.qa.testcases.FeaturePageTest"/>
  <testcase name="fillFormWithEmptyBussinesName" time="34.535" classname="com.torenzosite.qa.testcases.FeaturePageTest"/>
  <testcase name="fillFormWithIncorrectEmailId" time="34.652" classname="com.torenzosite.qa.testcases.FeaturePageTest"/>
  <testcase name="verifyHomePageTitle" time="0.04" classname="com.torenzosite.qa.testcases.LeaveUsPageTest"/>
  <testcase name="verifyLeaveUsPageTitle" time="155.272" classname="com.torenzosite.qa.testcases.LeaveUsPageTest">
    <failure type="org.openqa.selenium.TimeoutException" message="Timeout loading page after 120000ms
Build info: version: &amp;apos;3.141.59&amp;apos;, revision: &amp;apos;e82be7d358&amp;apos;, time: &amp;apos;2018-11-14T08:17:03&amp;apos;
System info: host: &amp;apos;RahulKaelsMini2&amp;apos;, ip: &amp;apos;192.168.1.32&amp;apos;, os.name: &amp;apos;Mac OS X&amp;apos;, os.arch: &amp;apos;x86_64&amp;apos;, os.version: &amp;apos;10.11.6&amp;apos;, java.version: &amp;apos;1.8.0_162&amp;apos;
Driver info: org.openqa.selenium.firefox.FirefoxDriver
Capabilities {acceptInsecureCerts: true, browserName: firefox, browserVersion: 65.0, javascriptEnabled: true, moz:accessibilityChecks: false, moz:geckodriverVersion: 0.24.0, moz:headless: false, moz:processID: 4417, moz:profile: /var/folders/kx/zbpb8zjd5rs..., moz:shutdownTimeout: 60000, moz:useNonSpecCompliantPointerOrigin: false, moz:webdriverClick: true, pageLoadStrategy: normal, platform: MAC, platformName: MAC, platformVersion: 15.6.0, rotatable: false, setWindowRect: true, strictFileInteractability: false, timeouts: {implicit: 0, pageLoad: 300000, script: 30000}, unhandledPromptBehavior: dismiss and notify}
Session ID: 53c73b72-13a5-ab45-86cc-6a1af360f8a0">
      <![CDATA[org.openqa.selenium.TimeoutException: Timeout loading page after 120000ms
Build info: version: '3.141.59', revision: 'e82be7d358', time: '2018-11-14T08:17:03'
System info: host: 'RahulKaelsMini2', ip: '192.168.1.32', os.name: 'Mac OS X', os.arch: 'x86_64', os.version: '10.11.6', java.version: '1.8.0_162'
Driver info: org.openqa.selenium.firefox.FirefoxDriver
Capabilities {acceptInsecureCerts: true, browserName: firefox, browserVersion: 65.0, javascriptEnabled: true, moz:accessibilityChecks: false, moz:geckodriverVersion: 0.24.0, moz:headless: false, moz:processID: 4417, moz:profile: /var/folders/kx/zbpb8zjd5rs..., moz:shutdownTimeout: 60000, moz:useNonSpecCompliantPointerOrigin: false, moz:webdriverClick: true, pageLoadStrategy: normal, platform: MAC, platformName: MAC, platformVersion: 15.6.0, rotatable: false, setWindowRect: true, strictFileInteractability: false, timeouts: {implicit: 0, pageLoad: 300000, script: 30000}, unhandledPromptBehavior: dismiss and notify}
Session ID: 53c73b72-13a5-ab45-86cc-6a1af360f8a0
at org.openqa.selenium.remote.http.W3CHttpResponseCodec.createException(W3CHttpResponseCodec.java:187)
at org.openqa.selenium.remote.http.W3CHttpResponseCodec.decode(W3CHttpResponseCodec.java:122)
at org.openqa.selenium.remote.http.W3CHttpResponseCodec.decode(W3CHttpResponseCodec.java:49)
at org.openqa.selenium.remote.HttpCommandExecutor.execute(HttpCommandExecutor.java:158)
at org.openqa.selenium.remote.service.DriverCommandExecutor.execute(DriverCommandExecutor.java:83)
at org.openqa.selenium.remote.RemoteWebDriver.execute(RemoteWebDriver.java:552)
at org.openqa.selenium.remote.RemoteWebDriver.execute(RemoteWebDriver.java:609)
at org.openqa.selenium.remote.RemoteWebDriver$RemoteNavigation.refresh(RemoteWebDriver.java:865)
at com.torenzosite.qa.testcases.LeaveUsPageTest.verifyLeaveUsPageTitle(LeaveUsPageTest.java:128)
... Removed 29 stack frames]]>
    </failure>
  </testcase> <!-- verifyLeaveUsPageTitle -->
  <testcase name="verifyHomePageTitle" time="0.013" classname="com.torenzosite.qa.testcases.HardwarePageTest"/>
  <testcase name="verifyHardwarePageTitle" time="8.705" classname="com.torenzosite.qa.testcases.HardwarePageTest"/>
  <testcase name="verifyContactUsPage" time="6.972" classname="com.torenzosite.qa.testcases.HardwarePageTest"/>
  <testcase name="verifyHomePageTitle" time="0.016" classname="com.torenzosite.qa.testcases.PricingPageTest"/>
  <testcase name="verifyPricingPageTitle" time="12.861" classname="com.torenzosite.qa.testcases.PricingPageTest"/>
  <testcase name="verifyHomePageTitle" time="0.027" classname="com.torenzosite.qa.testcases.TryTorenzoForFreePageTest"/>
  <testcase name="clickOnTryTorenzoForFreeAndFillForm" time="97.06" classname="com.torenzosite.qa.testcases.TryTorenzoForFreePageTest">
    <failure type="java.lang.AssertionError" message="Try Torenzo for FREE today page not found expected [Try Torenzo for FREE today] but found []">
      <![CDATA[java.lang.AssertionError: Try Torenzo for FREE today page not found expected [Try Torenzo for FREE today] but found []
at com.torenzosite.qa.testcases.TryTorenzoForFreePageTest.clickOnTryTorenzoForFreeAndFillForm(TryTorenzoForFreePageTest.java:103)
... Removed 30 stack frames]]>
    </failure>
  </testcase> <!-- clickOnTryTorenzoForFreeAndFillForm -->
</testsuite> <!-- TorenzoTest -->
