<?xml version="1.0" encoding="UTF-8"?>
<!-- Generated by org.testng.reporters.JUnitXMLReporter -->
<testsuite hostname="RahulKaelsMini2" ignored="0" name="TorenzoTest1" tests="1" failures="0" timestamp="22 Jan 2019 12:05:41 GMT" time="0.013" errors="0">
  <testcase name="@BeforeMethod setUp" time="0.001" classname="com.torenzosite.qa.testcases.BrokenImageAndLinks">
    <failure type="java.lang.NullPointerException">
      <![CDATA[java.lang.NullPointerException
at com.torenzosite.qa.base.TestBase.initialization(TestBase.java:74)
at com.torenzosite.qa.testcases.BrokenImageAndLinks.setUp(BrokenImageAndLinks.java:38)
... Removed 28 stack frames]]>
    </failure>
  </testcase> <!-- @BeforeMethod setUp -->
  <testcase name="@AfterMethod tearDown" time="0.0" classname="com.torenzosite.qa.testcases.BrokenImageAndLinks">
    <skipped/>
  </testcase> <!-- @AfterMethod tearDown -->
  <testcase name="findBrokenLinkOnTorenzoMainPage" time="0.0" classname="com.torenzosite.qa.testcases.BrokenImageAndLinks">
    <skipped/>
  </testcase> <!-- findBrokenLinkOnTorenzoMainPage -->
</testsuite> <!-- TorenzoTest1 -->
