<?xml version="1.0" encoding="UTF-8"?>
<!-- Generated by org.testng.reporters.JUnitXMLReporter -->
<testsuite hostname="RahulKaelsMini2" ignored="0" name="TorenzoTest" tests="5" failures="0" timestamp="03 Jan 2019 04:55:48 GMT" time="170.16" errors="0">
  <testcase name="findBrokenLinkOnTorenzoMainPage" time="25.327" classname="com.torenzosite.qa.testcases.BrokenImageAndLinks"/>
  <testcase name="verifyHomePageTitle" time="0.07" classname="com.torenzosite.qa.testcases.HomePageTest"/>
  <testcase name="verifyEmailAddreeField" time="3.719" classname="com.torenzosite.qa.testcases.HomePageTest"/>
  <testcase name="verifyWithEmptyEmailAddreeField" time="18.679" classname="com.torenzosite.qa.testcases.HomePageTest"/>
  <testcase name="verifyWithInvalidEmailAddreeField" time="18.67" classname="com.torenzosite.qa.testcases.HomePageTest"/>
</testsuite> <!-- TorenzoTest -->
